<?xml version="1.0" encoding="UTF-8"?>
<testsuite name="com.opencart.Loggin" tests="1" skipped="0" failures="0" errors="0" timestamp="2022-03-25T13:21:17" hostname="192.168.1.2" time="17.127">
  <properties/>
  <testcase name="search" classname="com.opencart.Loggin" time="17.127"/>
  <system-out><![CDATA[]]></system-out>
  <system-err><![CDATA[Starting ChromeDriver 98.0.4758.102 (273bf7ac8c909cde36982d27f66f3c70846a3718-refs/branch-heads/4758@{#1151}) on port 44503
Only local connections are allowed.
Please see https://chromedriver.chromium.org/security-considerations for suggestions on keeping ChromeDriver safe.
ChromeDriver was started successfully.
[1648214479.954][WARNING]: This version of ChromeDriver has not been tested with Chrome version 99.
mar 25, 2022 8:21:20 AM org.openqa.selenium.remote.ProtocolHandshake createSession
INFORMACIÓN: Detected dialect: W3C
]]></system-err>
</testsuite>
